Release 14.4 - xst P.49d (nt)
Copyright (c) 1995-2012 Xilinx, Inc.  All rights reserved.
--> Parameter TMPDIR set to xst/projnav.tmp


Total REAL time to Xst completion: 0.00 secs
Total CPU time to Xst completion: 0.13 secs
 
--> Parameter xsthdpdir set to xst


Total REAL time to Xst completion: 0.00 secs
Total CPU time to Xst completion: 0.13 secs
 
--> Reading design: VendMachine.prj

TABLE OF CONTENTS
  1) Synthesis Options Summary
  2) HDL Compilation
  3) Design Hierarchy Analysis
  4) HDL Analysis
  5) HDL Synthesis
     5.1) HDL Synthesis Report
  6) Advanced HDL Synthesis
     6.1) Advanced HDL Synthesis Report
  7) Low Level Synthesis
  8) Partition Report
  9) Final Report
	9.1) Device utilization summary
	9.2) Partition Resource Summary
	9.3) TIMING REPORT


=========================================================================
*                      Synthesis Options Summary                        *
=========================================================================
---- Source Parameters
Input File Name                    : "VendMachine.prj"
Input Format                       : mixed
Ignore Synthesis Constraint File   : NO

---- Target Parameters
Output File Name                   : "VendMachine"
Output Format                      : NGC
Target Device                      : xc3s100e-4-cp132

---- Source Options
Top Module Name                    : VendMachine
Automatic FSM Extraction           : YES
FSM Encoding Algorithm             : Auto
Safe Implementation                : No
FSM Style                          : LUT
RAM Extraction                     : Yes
RAM Style                          : Auto
ROM Extraction                     : Yes
Mux Style                          : Auto
Decoder Extraction                 : YES
Priority Encoder Extraction        : Yes
Shift Register Extraction          : YES
Logical Shifter Extraction         : YES
XOR Collapsing                     : YES
ROM Style                          : Auto
Mux Extraction                     : Yes
Resource Sharing                   : YES
Asynchronous To Synchronous        : NO
Multiplier Style                   : Auto
Automatic Register Balancing       : No

---- Target Options
Add IO Buffers                     : YES
Global Maximum Fanout              : 100000
Add Generic Clock Buffer(BUFG)     : 24
Register Duplication               : YES
Slice Packing                      : YES
Optimize Instantiated Primitives   : NO
Use Clock Enable                   : Yes
Use Synchronous Set                : Yes
Use Synchronous Reset              : Yes
Pack IO Registers into IOBs        : Auto
Equivalent register Removal        : YES

---- General Options
Optimization Goal                  : Speed
Optimization Effort                : 1
Keep Hierarchy                     : No
Netlist Hierarchy                  : As_Optimized
RTL Output                         : Yes
Global Optimization                : AllClockNets
Read Cores                         : YES
Write Timing Constraints           : NO
Cross Clock Analysis               : NO
Hierarchy Separator                : /
Bus Delimiter                      : <>
Case Specifier                     : Maintain
Slice Utilization Ratio            : 100
BRAM Utilization Ratio             : 100
Verilog 2001                       : YES
Auto BRAM Packing                  : NO
Slice Utilization Ratio Delta      : 5

=========================================================================


=========================================================================
*                          HDL Compilation                              *
=========================================================================
Compiling vhdl file "C:/Users/Spencer Offenberger/implementation_vending_machine/debounce.vhd" in Library work.
Architecture clean_pulse of Entity debounce is up to date.
Compiling vhdl file "C:/Users/Spencer Offenberger/implementation_vending_machine/seven_segment1.vhd" in Library work.
Architecture behavioral of Entity seven_segment is up to date.
Compiling vhdl file "C:/Users/Spencer Offenberger/implementation_vending_machine/buff.vhd" in Library work.
Architecture behavioral of Entity buff is up to date.
Compiling vhdl file "C:/Users/Spencer Offenberger/implementation_vending_machine/vendmach.vhd" in Library work.
Entity <vendmachine> compiled.
Entity <vendmachine> (Architecture <behavioral>) compiled.

=========================================================================
*                     Design Hierarchy Analysis                         *
=========================================================================
Analyzing hierarchy for entity <VendMachine> in library <work> (architecture <behavioral>).

Analyzing hierarchy for entity <DEBOUNCE> in library <work> (architecture <clean_pulse>).

Analyzing hierarchy for entity <seven_segment> in library <work> (architecture <behavioral>).

Analyzing hierarchy for entity <Buff> in library <work> (architecture <behavioral>).


=========================================================================
*                            HDL Analysis                               *
=========================================================================
Analyzing Entity <VendMachine> in library <work> (Architecture <behavioral>).
Entity <VendMachine> analyzed. Unit <VendMachine> generated.

Analyzing Entity <DEBOUNCE> in library <work> (Architecture <clean_pulse>).
Entity <DEBOUNCE> analyzed. Unit <DEBOUNCE> generated.

Analyzing Entity <seven_segment> in library <work> (Architecture <behavioral>).
INFO:Xst:1561 - "C:/Users/Spencer Offenberger/implementation_vending_machine/seven_segment1.vhd" line 57: Mux is complete : default of case is discarded
Entity <seven_segment> analyzed. Unit <seven_segment> generated.

Analyzing Entity <Buff> in library <work> (Architecture <behavioral>).
Entity <Buff> analyzed. Unit <Buff> generated.


=========================================================================
*                           HDL Synthesis                               *
=========================================================================

Performing bidirectional port resolution...

Synthesizing Unit <DEBOUNCE>.
    Related source file is "C:/Users/Spencer Offenberger/implementation_vending_machine/debounce.vhd".
    Found 2-bit up counter for signal <cnt>.
    Summary:
	inferred   1 Counter(s).
Unit <DEBOUNCE> synthesized.


Synthesizing Unit <seven_segment>.
    Related source file is "C:/Users/Spencer Offenberger/implementation_vending_machine/seven_segment1.vhd".
    Found 1-of-4 decoder for signal <AN>.
    Found 7-bit 4-to-1 multiplexer for signal <SS7>.
    Found 20-bit up counter for signal <Q_REG>.
    Summary:
	inferred   1 Counter(s).
	inferred   7 Multiplexer(s).
	inferred   1 Decoder(s).
Unit <seven_segment> synthesized.


Synthesizing Unit <Buff>.
    Related source file is "C:/Users/Spencer Offenberger/implementation_vending_machine/buff.vhd".
WARNING:Xst:647 - Input <clock> is never used. This port will be preserved and left unconnected if it belongs to a top-level block or it belongs to a sub-block and the hierarchy of this sub-block is preserved.
    Found 3-bit subtractor for signal <bufferOut>.
    Summary:
	inferred   1 Adder/Subtractor(s).
Unit <Buff> synthesized.


Synthesizing Unit <VendMachine>.
    Related source file is "C:/Users/Spencer Offenberger/implementation_vending_machine/vendmach.vhd".
WARNING:Xst:647 - Input <Toggle_Hex3> is never used. This port will be preserved and left unconnected if it belongs to a top-level block or it belongs to a sub-block and the hierarchy of this sub-block is preserved.
WARNING:Xst:646 - Signal <restock_temp> is assigned but never used. This unconnected signal will be trimmed during the optimization process.
    Using one-hot encoding for signal <Cstate>.
INFO:Xst:2117 - HDL ADVISOR - Mux Selector <Cstate> of Case statement line 0 was re-encoded using one-hot encoding. The case statement will be optimized (default statement optimization), but this optimization may lead to design initialization problems. To ensure the design works safely, you can:
   	- add an 'INIT' attribute on signal <Cstate> (optimization is then done without any risk)
   	- use the attribute 'signal_encoding user' to avoid onehot optimization
   	- use the attribute 'safe_implementation yes' to force XST to perform a safe (but less efficient) optimization
WARNING:Xst:737 - Found 1-bit latch for signal <ProdA>. Latches may be generated from incomplete case or if statements. We do not recommend the use of latches in FPGA/CPLD designs, as they may lead to timing problems.
INFO:Xst:2371 - HDL ADVISOR - Logic functions respectively driving the data and gate enable inputs of this latch share common terms. This situation will potentially lead to setup/hold violations and, as a result, to simulation problems. This situation may come from an incomplete case statement (all selector values are not covered). You should carefully review if it was in your intentions to describe such a latch.
WARNING:Xst:737 - Found 1-bit latch for signal <LockOut>. Latches may be generated from incomplete case or if statements. We do not recommend the use of latches in FPGA/CPLD designs, as they may lead to timing problems.
INFO:Xst:2371 - HDL ADVISOR - Logic functions respectively driving the data and gate enable inputs of this latch share common terms. This situation will potentially lead to setup/hold violations and, as a result, to simulation problems. This situation may come from an incomplete case statement (all selector values are not covered). You should carefully review if it was in your intentions to describe such a latch.
    Found 3-bit register for signal <Ai>.
    Found 3-bit register for signal <Bi>.
    Found 3-bit register for signal <Ci>.
    Found 25-bit up counter for signal <CLK_DIVIDER>.
    Found 6-bit up counter for signal <Count>.
    Found 17-bit register for signal <Cstate>.
    Found 3-bit comparator less for signal <Cstate$cmp_lt0000> created at line 361.
    Found 3-bit comparator less for signal <Cstate$cmp_lt0001> created at line 361.
    Found 3-bit comparator less for signal <Cstate$cmp_lt0002> created at line 361.
    Found 3-bit comparator less for signal <Cstate$cmp_lt0003> created at line 361.
    Found 6-bit register for signal <Ct>.
    Found 6-bit comparator less for signal <Ct$cmp_lt0000> created at line 335.
    Found 6-bit subtractor for signal <Ct$share0000> created at line 149.
    Found 3-bit register for signal <Di>.
    Found 3-bit register for signal <Dimei>.
    Found 3-bit register for signal <Ni>.
    Found 3-bit comparator greater for signal <ProdA$cmp_gt0000> created at line 514.
    Found 3-bit comparator greater for signal <ProdB$cmp_gt0000> created at line 534.
    Found 3-bit register for signal <Qi>.
    Found 6-bit comparator greater for signal <ret_dime$cmp_gt0000> created at line 670.
    Found 6-bit comparator greater for signal <ret_nick$cmp_gt0000> created at line 661.
    Found 3-bit comparator greater for signal <ret_nick$cmp_gt0001> created at line 661.
    Found 6-bit comparator greatequal for signal <ret_quart$cmp_ge0000> created at line 679.
    Found 3-bit comparator greater for signal <SoldOut$cmp_gt0000> created at line 538.
    Found 3-bit comparator greater for signal <SoldOut$cmp_gt0001> created at line 562.
    Found 1-bit register for signal <timeout>.
    Summary:
	inferred   2 Counter(s).
	inferred  28 D-type flip-flop(s).
	inferred   1 Adder/Subtractor(s).
	inferred  13 Comparator(s).
Unit <VendMachine> synthesized.

INFO:Xst:1767 - HDL ADVISOR - Resource sharing has identified that some arithmetic operations in this design can share the same physical resources for reduced device utilization. For improved clock frequency you may try to disable resource sharing.

=========================================================================
HDL Synthesis Report

Macro Statistics
# Adders/Subtractors                                   : 8
 3-bit subtractor                                      : 7
 6-bit subtractor                                      : 1
# Counters                                             : 7
 2-bit up counter                                      : 4
 20-bit up counter                                     : 1
 25-bit up counter                                     : 1
 6-bit up counter                                      : 1
# Registers                                            : 10
 1-bit register                                        : 1
 17-bit register                                       : 1
 3-bit register                                        : 7
 6-bit register                                        : 1
# Latches                                              : 2
 1-bit latch                                           : 2
# Comparators                                          : 13
 3-bit comparator greater                              : 5
 3-bit comparator less                                 : 4
 6-bit comparator greatequal                           : 1
 6-bit comparator greater                              : 2
 6-bit comparator less                                 : 1
# Multiplexers                                         : 1
 7-bit 4-to-1 multiplexer                              : 1
# Decoders                                             : 1
 1-of-4 decoder                                        : 1

=========================================================================

=========================================================================
*                       Advanced HDL Synthesis                          *
=========================================================================

WARNING:Xst:1290 - Hierarchical block <restock_deb> is unconnected in block <VendMachine>.
   It will be removed from the design.

=========================================================================
Advanced HDL Synthesis Report

Macro Statistics
# Adders/Subtractors                                   : 8
 3-bit subtractor                                      : 7
 6-bit subtractor                                      : 1
# Counters                                             : 7
 2-bit up counter                                      : 4
 20-bit up counter                                     : 1
 25-bit up counter                                     : 1
 6-bit up counter                                      : 1
# Registers                                            : 28
 Flip-Flops                                            : 28
# Latches                                              : 2
 1-bit latch                                           : 2
# Comparators                                          : 13
 3-bit comparator greater                              : 5
 3-bit comparator less                                 : 4
 6-bit comparator greatequal                           : 1
 6-bit comparator greater                              : 2
 6-bit comparator less                                 : 1
# Multiplexers                                         : 1
 7-bit 4-to-1 multiplexer                              : 1
# Decoders                                             : 1
 1-of-4 decoder                                        : 1

=========================================================================

=========================================================================
*                         Low Level Synthesis                           *
=========================================================================
INFO:Xst:2146 - In block <VendMachine>, Counter <CLK_DIVIDER> <display/Q_REG> are equivalent, XST will keep only <CLK_DIVIDER>.
WARNING:Xst:2677 - Node <CLK_DIVIDER_24> of sequential type is unconnected in block <VendMachine>.

Optimizing unit <VendMachine> ...

Mapping all equations...
Building and optimizing final netlist ...
Found area constraint ratio of 100 (+ 5) on block VendMachine, actual ratio is 30.

Final Macro Processing ...

=========================================================================
Final Register Report

Macro Statistics
# Registers                                            : 81
 Flip-Flops                                            : 81

=========================================================================

=========================================================================
*                           Partition Report                            *
=========================================================================

Partition Implementation Status
-------------------------------

  No Partitions were found in this design.

-------------------------------

=========================================================================
*                            Final Report                               *
=========================================================================
Final Results
RTL Top Level Output File Name     : VendMachine.ngr
Top Level Output File Name         : VendMachine
Output Format                      : NGC
Optimization Goal                  : Speed
Keep Hierarchy                     : No

Design Statistics
# IOs                              : 33

Cell Usage :
# BELS                             : 571
#      GND                         : 1
#      INV                         : 7
#      LUT1                        : 23
#      LUT2                        : 49
#      LUT2_D                      : 1
#      LUT2_L                      : 3
#      LUT3                        : 99
#      LUT3_D                      : 7
#      LUT3_L                      : 5
#      LUT4                        : 244
#      LUT4_D                      : 22
#      LUT4_L                      : 23
#      MUXCY                       : 28
#      MUXF5                       : 28
#      VCC                         : 1
#      XORCY                       : 30
# FlipFlops/Latches                : 83
#      FD                          : 24
#      FDCE                        : 6
#      FDCP                        : 17
#      FDE                         : 6
#      FDR                         : 7
#      FDRE                        : 7
#      FDSE                        : 14
#      LD                          : 1
#      LD_1                        : 1
# Clock Buffers                    : 2
#      BUFG                        : 1
#      BUFGP                       : 1
# IO Buffers                       : 31
#      IBUF                        : 12
#      OBUF                        : 19
=========================================================================

Device utilization summary:
---------------------------

Selected Device : 3s100ecp132-4 

 Number of Slices:                      257  out of    960    26%  
 Number of Slice Flip Flops:             82  out of   1920     4%  
 Number of 4 input LUTs:                483  out of   1920    25%  
 Number of IOs:                          33
 Number of bonded IOBs:                  32  out of     83    38%  
    IOB Flip Flops:                       1
 Number of GCLKs:                         2  out of     24     8%  

---------------------------
Partition Resource Summary:
---------------------------

  No Partitions were found in this design.

---------------------------


=========================================================================
TIMING REPORT

NOTE: THESE TIMING NUMBERS ARE ONLY A SYNTHESIS ESTIMATE.
      FOR ACCURATE TIMING INFORMATION PLEASE REFER TO THE TRACE REPORT
      GENERATED AFTER PLACE-and-ROUTE.

Clock Information:
------------------
-----------------------------------+------------------------+-------+
Clock Signal                       | Clock buffer(FF name)  | Load  |
-----------------------------------+------------------------+-------+
CLK_DIVIDER_231                    | BUFG                   | 57    |
Cstate_8                           | NONE(LockOut)          | 1     |
ProdA_not0001(ProdA_not0001:O)     | NONE(*)(ProdA)         | 1     |
Clock                              | BUFGP                  | 24    |
-----------------------------------+------------------------+-------+
(*) This 1 clock signal(s) are generated by combinatorial logic,
and XST is not able to identify which are the primary clock signals.
Please use the CLOCK_SIGNAL constraint to specify the clock signal(s) generated by combinatorial logic.
INFO:Xst:2169 - HDL ADVISOR - Some clock signals were not automatically buffered by XST with BUFG/BUFR resources. Please use the buffer_type constraint in order to insert these buffers to the clock signals to help prevent skew problems.

Asynchronous Control Signals Information:
----------------------------------------
-----------------------------------------+------------------------+-------+
Control Signal                           | Buffer(FF name)        | Load  |
-----------------------------------------+------------------------+-------+
Cstate_10__and0000(XST_GND:G)            | NONE(Cstate_1)         | 15    |
Cstate_16__or0000(Cstate_16__or00001:O)  | NONE(Cstate_1)         | 15    |
Dime                                     | IBUF                   | 2     |
Nickel                                   | IBUF                   | 2     |
Quarter                                  | IBUF                   | 2     |
timeout(timeout:Q)                       | NONE(Cstate_0)         | 2     |
Cstate_12__and0000(Cstate_12__and00001:O)| NONE(Cstate_12)        | 1     |
reset                                    | IBUF                   | 1     |
-----------------------------------------+------------------------+-------+

Timing Summary:
---------------
Speed Grade: -4

   Minimum period: 12.708ns (Maximum Frequency: 78.691MHz)
   Minimum input arrival time before clock: 10.567ns
   Maximum output required time after clock: 16.579ns
   Maximum combinational path delay: 17.468ns

Timing Detail:
--------------
All values displayed in nanoseconds (ns)

=========================================================================
Timing constraint: Default period analysis for Clock 'CLK_DIVIDER_231'
  Clock period: 12.708ns (frequency: 78.691MHz)
  Total number of paths / destination ports: 2753 / 114
-------------------------------------------------------------------------
Delay:               6.354ns (Levels of Logic = 4)
  Source:            dime_deb/cnt_0 (FF)
  Destination:       Cstate_7 (FF)
  Source Clock:      CLK_DIVIDER_231 falling
  Destination Clock: CLK_DIVIDER_231 rising

  Data Path: dime_deb/cnt_0 to Cstate_7
                                Gate     Net
    Cell:in->out      fanout   Delay   Delay  Logical Name (Net Name)
    ----------------------------------------  ------------
     FDCE:C->Q             4   0.591   0.622  dime_deb/cnt_0 (dime_deb/cnt_0)
     LUT3:I2->O           12   0.704   0.996  dime_deb/pulse_and00001 (Dp)
     LUT4:I2->O            3   0.704   0.531  Cstate_mux0075<10>31 (N76)
     MUXF5:S->O            1   0.739   0.455  Cstate_mux0075<9>_SW0_SW0 (N65)
     LUT3:I2->O            1   0.704   0.000  Cstate_mux0075<9> (Cstate_mux0075<9>)
     FDCP:D                    0.308          Cstate_7
    ----------------------------------------
    Total                      6.354ns (3.750ns logic, 2.604ns route)
                                       (59.0% logic, 41.0% route)

=========================================================================
Timing constraint: Default period analysis for Clock 'Clock'
  Clock period: 4.705ns (frequency: 212.540MHz)
  Total number of paths / destination ports: 300 / 24
-------------------------------------------------------------------------
Delay:               4.705ns (Levels of Logic = 24)
  Source:            CLK_DIVIDER_1 (FF)
  Destination:       CLK_DIVIDER_23 (FF)
  Source Clock:      Clock rising
  Destination Clock: Clock rising

  Data Path: CLK_DIVIDER_1 to CLK_DIVIDER_23
                                Gate     Net
    Cell:in->out      fanout   Delay   Delay  Logical Name (Net Name)
    ----------------------------------------  ------------
     FD:C->Q               1   0.591   0.595  CLK_DIVIDER_1 (CLK_DIVIDER_1)
     LUT1:I0->O            1   0.704   0.000  Mcount_CLK_DIVIDER_cy<1>_rt (Mcount_CLK_DIVIDER_cy<1>_rt)
     MUXCY:S->O            1   0.464   0.000  Mcount_CLK_DIVIDER_cy<1> (Mcount_CLK_DIVIDER_cy<1>)
     MUXCY:CI->O           1   0.059   0.000  Mcount_CLK_DIVIDER_cy<2> (Mcount_CLK_DIVIDER_cy<2>)
     MUXCY:CI->O           1   0.059   0.000  Mcount_CLK_DIVIDER_cy<3> (Mcount_CLK_DIVIDER_cy<3>)
     MUXCY:CI->O           1   0.059   0.000  Mcount_CLK_DIVIDER_cy<4> (Mcount_CLK_DIVIDER_cy<4>)
     MUXCY:CI->O           1   0.059   0.000  Mcount_CLK_DIVIDER_cy<5> (Mcount_CLK_DIVIDER_cy<5>)
     MUXCY:CI->O           1   0.059   0.000  Mcount_CLK_DIVIDER_cy<6> (Mcount_CLK_DIVIDER_cy<6>)
     MUXCY:CI->O           1   0.059   0.000  Mcount_CLK_DIVIDER_cy<7> (Mcount_CLK_DIVIDER_cy<7>)
     MUXCY:CI->O           1   0.059   0.000  Mcount_CLK_DIVIDER_cy<8> (Mcount_CLK_DIVIDER_cy<8>)
     MUXCY:CI->O           1   0.059   0.000  Mcount_CLK_DIVIDER_cy<9> (Mcount_CLK_DIVIDER_cy<9>)
     MUXCY:CI->O           1   0.059   0.000  Mcount_CLK_DIVIDER_cy<10> (Mcount_CLK_DIVIDER_cy<10>)
     MUXCY:CI->O           1   0.059   0.000  Mcount_CLK_DIVIDER_cy<11> (Mcount_CLK_DIVIDER_cy<11>)
     MUXCY:CI->O           1   0.059   0.000  Mcount_CLK_DIVIDER_cy<12> (Mcount_CLK_DIVIDER_cy<12>)
     MUXCY:CI->O           1   0.059   0.000  Mcount_CLK_DIVIDER_cy<13> (Mcount_CLK_DIVIDER_cy<13>)
     MUXCY:CI->O           1   0.059   0.000  Mcount_CLK_DIVIDER_cy<14> (Mcount_CLK_DIVIDER_cy<14>)
     MUXCY:CI->O           1   0.059   0.000  Mcount_CLK_DIVIDER_cy<15> (Mcount_CLK_DIVIDER_cy<15>)
     MUXCY:CI->O           1   0.059   0.000  Mcount_CLK_DIVIDER_cy<16> (Mcount_CLK_DIVIDER_cy<16>)
     MUXCY:CI->O           1   0.059   0.000  Mcount_CLK_DIVIDER_cy<17> (Mcount_CLK_DIVIDER_cy<17>)
     MUXCY:CI->O           1   0.059   0.000  Mcount_CLK_DIVIDER_cy<18> (Mcount_CLK_DIVIDER_cy<18>)
     MUXCY:CI->O           1   0.059   0.000  Mcount_CLK_DIVIDER_cy<19> (Mcount_CLK_DIVIDER_cy<19>)
     MUXCY:CI->O           1   0.059   0.000  Mcount_CLK_DIVIDER_cy<20> (Mcount_CLK_DIVIDER_cy<20>)
     MUXCY:CI->O           1   0.059   0.000  Mcount_CLK_DIVIDER_cy<21> (Mcount_CLK_DIVIDER_cy<21>)
     MUXCY:CI->O           0   0.059   0.000  Mcount_CLK_DIVIDER_cy<22> (Mcount_CLK_DIVIDER_cy<22>)
     XORCY:CI->O           1   0.804   0.000  Mcount_CLK_DIVIDER_xor<23> (Result<23>)
     FD:D                      0.308          CLK_DIVIDER_23
    ----------------------------------------
    Total                      4.705ns (4.110ns logic, 0.595ns route)
                                       (87.4% logic, 12.6% route)

=========================================================================
Timing constraint: Default OFFSET IN BEFORE for Clock 'CLK_DIVIDER_231'
  Total number of paths / destination ports: 551 / 77
-------------------------------------------------------------------------
Offset:              10.567ns (Levels of Logic = 6)
  Source:            VendB (PAD)
  Destination:       Dimei_0 (FF)
  Destination Clock: CLK_DIVIDER_231 rising

  Data Path: VendB to Dimei_0
                                Gate     Net
    Cell:in->out      fanout   Delay   Delay  Logical Name (Net Name)
    ----------------------------------------  ------------
     IBUF:I->O            27   1.218   1.436  VendB_IBUF (VendB_IBUF)
     LUT4_D:I0->O         15   0.704   1.096  ProdA_not0001_SW0 (ProdB_and0001)
     LUT3:I1->O            8   0.704   0.932  Cstate_mux0075<0>111 (N34)
     LUT4:I0->O            9   0.704   0.855  ProdD30 (ProdD)
     LUT4_D:I2->O          1   0.704   0.424  Ni_not000121 (N162)
     LUT4:I3->O            3   0.704   0.531  Dimei_not00011 (Dimei_not0001)
     FDSE:CE                   0.555          Dimei_0
    ----------------------------------------
    Total                     10.567ns (5.293ns logic, 5.274ns route)
                                       (50.1% logic, 49.9% route)

=========================================================================
Timing constraint: Default OFFSET IN BEFORE for Clock 'ProdA_not0001'
  Total number of paths / destination ports: 1 / 1
-------------------------------------------------------------------------
Offset:              5.432ns (Levels of Logic = 3)
  Source:            VendA (PAD)
  Destination:       ProdA (LATCH)
  Destination Clock: ProdA_not0001 falling

  Data Path: VendA to ProdA
                                Gate     Net
    Cell:in->out      fanout   Delay   Delay  Logical Name (Net Name)
    ----------------------------------------  ------------
     IBUF:I->O            45   1.218   1.441  VendA_IBUF (VendA_IBUF)
     LUT4_D:I0->O         10   0.704   1.057  ProdA_and00001 (ProdA_and0000)
     LUT3:I0->O            1   0.704   0.000  ProdA_mux00031 (ProdA_mux0003)
     LD:D                      0.308          ProdA
    ----------------------------------------
    Total                      5.432ns (2.934ns logic, 2.498ns route)
                                       (54.0% logic, 46.0% route)

=========================================================================
Timing constraint: Default OFFSET OUT AFTER for Clock 'CLK_DIVIDER_231'
  Total number of paths / destination ports: 1457 / 12
-------------------------------------------------------------------------
Offset:              16.579ns (Levels of Logic = 11)
  Source:            Cstate_6 (FF)
  Destination:       Seven_segment_out<3> (PAD)
  Source Clock:      CLK_DIVIDER_231 rising

  Data Path: Cstate_6 to Seven_segment_out<3>
                                Gate     Net
    Cell:in->out      fanout   Delay   Delay  Logical Name (Net Name)
    ----------------------------------------  ------------
     FDCP:C->Q             9   0.591   0.995  Cstate_6 (Cstate_6)
     LUT2_L:I0->LO         1   0.704   0.104  full_seven_segment_15_mux00041_SW0 (N431)
     LUT4:I3->O           25   0.704   1.295  full_seven_segment_15_mux00041 (N01)
     LUT3_L:I2->LO         1   0.704   0.104  ProdD6 (ProdD6)
     LUT4:I3->O            9   0.704   0.995  ProdD30 (ProdD)
     LUT4:I0->O            2   0.704   0.526  full_seven_segment_3_mux000412 (N168)
     LUT4:I1->O            2   0.704   0.622  full_seven_segment_3_mux0004131 (N170)
     LUT4:I0->O            1   0.704   0.499  full_seven_segment_3_mux000440_SW0 (N102)
     LUT4:I1->O            1   0.704   0.499  full_seven_segment_3_mux000440 (full_seven_segment<3>)
     LUT3:I1->O            1   0.704   0.000  display/Mmux_SS7_43 (display/Mmux_SS7_43)
     MUXF5:I0->O           1   0.321   0.420  display/Mmux_SS7_2_f5_2 (Seven_segment_out_3_OBUF)
     OBUF:I->O                 3.272          Seven_segment_out_3_OBUF (Seven_segment_out<3>)
    ----------------------------------------
    Total                     16.579ns (10.520ns logic, 6.059ns route)
                                       (63.5% logic, 36.5% route)

=========================================================================
Timing constraint: Default OFFSET OUT AFTER for Clock 'Cstate_8'
  Total number of paths / destination ports: 1 / 1
-------------------------------------------------------------------------
Offset:              4.368ns (Levels of Logic = 1)
  Source:            LockOut (LATCH)
  Destination:       LockOut (PAD)
  Source Clock:      Cstate_8 rising

  Data Path: LockOut to LockOut
                                Gate     Net
    Cell:in->out      fanout   Delay   Delay  Logical Name (Net Name)
    ----------------------------------------  ------------
     LD_1:G->Q             1   0.676   0.420  LockOut (LockOut_OBUF)
     OBUF:I->O                 3.272          LockOut_OBUF (LockOut)
    ----------------------------------------
    Total                      4.368ns (3.948ns logic, 0.420ns route)
                                       (90.4% logic, 9.6% route)

=========================================================================
Timing constraint: Default OFFSET OUT AFTER for Clock 'Clock'
  Total number of paths / destination ports: 30 / 12
-------------------------------------------------------------------------
Offset:              6.568ns (Levels of Logic = 3)
  Source:            CLK_DIVIDER_18 (FF)
  Destination:       Seven_segment_out<6> (PAD)
  Source Clock:      Clock rising

  Data Path: CLK_DIVIDER_18 to Seven_segment_out<6>
                                Gate     Net
    Cell:in->out      fanout   Delay   Delay  Logical Name (Net Name)
    ----------------------------------------  ------------
     FD:C->Q              19   0.591   1.260  CLK_DIVIDER_18 (CLK_DIVIDER_18)
     LUT3:I0->O            1   0.704   0.000  display/Mmux_SS7_3 (display/Mmux_SS7_3)
     MUXF5:I1->O           1   0.321   0.420  display/Mmux_SS7_2_f5 (Seven_segment_out_0_OBUF)
     OBUF:I->O                 3.272          Seven_segment_out_0_OBUF (Seven_segment_out<0>)
    ----------------------------------------
    Total                      6.568ns (4.888ns logic, 1.680ns route)
                                       (74.4% logic, 25.6% route)

=========================================================================
Timing constraint: Default OFFSET OUT AFTER for Clock 'ProdA_not0001'
  Total number of paths / destination ports: 55 / 7
-------------------------------------------------------------------------
Offset:              11.845ns (Levels of Logic = 8)
  Source:            ProdA (LATCH)
  Destination:       Seven_segment_out<0> (PAD)
  Source Clock:      ProdA_not0001 falling

  Data Path: ProdA to Seven_segment_out<0>
                                Gate     Net
    Cell:in->out      fanout   Delay   Delay  Logical Name (Net Name)
    ----------------------------------------  ------------
     LD:G->Q              34   0.676   1.342  ProdA (ProdA)
     LUT3:I1->O            1   0.704   0.424  full_seven_segment_21_mux000310_SW0 (N152)
     LUT4:I3->O            1   0.704   0.499  full_seven_segment_21_mux000310 (full_seven_segment_21_mux000310)
     LUT4:I1->O            1   0.704   0.595  full_seven_segment_21_mux000361_SW0 (N1701)
     LUT4:I0->O            1   0.704   0.000  full_seven_segment_21_mux000361_F (N224)
     MUXF5:I0->O           1   0.321   0.455  full_seven_segment_21_mux000361 (full_seven_segment<21>)
     LUT3:I2->O            1   0.704   0.000  display/Mmux_SS7_3 (display/Mmux_SS7_3)
     MUXF5:I1->O           1   0.321   0.420  display/Mmux_SS7_2_f5 (Seven_segment_out_0_OBUF)
     OBUF:I->O                 3.272          Seven_segment_out_0_OBUF (Seven_segment_out<0>)
    ----------------------------------------
    Total                     11.845ns (8.110ns logic, 3.735ns route)
                                       (68.5% logic, 31.5% route)

=========================================================================
Timing constraint: Default path analysis
  Total number of paths / destination ports: 521 / 9
-------------------------------------------------------------------------
Delay:               17.468ns (Levels of Logic = 11)
  Source:            VendB (PAD)
  Destination:       Seven_segment_out<3> (PAD)

  Data Path: VendB to Seven_segment_out<3>
                                Gate     Net
    Cell:in->out      fanout   Delay   Delay  Logical Name (Net Name)
    ----------------------------------------  ------------
     IBUF:I->O            27   1.218   1.436  VendB_IBUF (VendB_IBUF)
     LUT4_D:I0->O         15   0.704   1.096  ProdA_not0001_SW0 (ProdB_and0001)
     LUT3:I1->O            8   0.704   0.932  Cstate_mux0075<0>111 (N34)
     LUT4:I0->O            9   0.704   0.995  ProdD30 (ProdD)
     LUT4:I0->O            2   0.704   0.526  full_seven_segment_3_mux000412 (N168)
     LUT4:I1->O            2   0.704   0.622  full_seven_segment_3_mux0004131 (N170)
     LUT4:I0->O            1   0.704   0.499  full_seven_segment_3_mux000440_SW0 (N102)
     LUT4:I1->O            1   0.704   0.499  full_seven_segment_3_mux000440 (full_seven_segment<3>)
     LUT3:I1->O            1   0.704   0.000  display/Mmux_SS7_43 (display/Mmux_SS7_43)
     MUXF5:I0->O           1   0.321   0.420  display/Mmux_SS7_2_f5_2 (Seven_segment_out_3_OBUF)
     OBUF:I->O                 3.272          Seven_segment_out_3_OBUF (Seven_segment_out<3>)
    ----------------------------------------
    Total                     17.468ns (10.443ns logic, 7.025ns route)
                                       (59.8% logic, 40.2% route)

=========================================================================


Total REAL time to Xst completion: 9.00 secs
Total CPU time to Xst completion: 8.86 secs
 
--> 

Total memory usage is 261448 kilobytes

Number of errors   :    0 (   0 filtered)
Number of warnings :    7 (   0 filtered)
Number of infos    :    7 (   0 filtered)

