--------------------------------------------------------------------------------
Release 14.4 Trace  (nt)
Copyright (c) 1995-2012 Xilinx, Inc.  All rights reserved.

C:\Xilinx\14.4\ISE_DS\ISE\bin\nt\unwrapped\trce.exe -intstyle ise -v 3 -s 4 -n
3 -fastpaths -xml VendMachine.twx VendMachine.ncd -o VendMachine.twr
VendMachine.pcf

Design file:              VendMachine.ncd
Physical constraint file: VendMachine.pcf
Device,package,speed:     xc3s100e,cp132,-4 (PRODUCTION 1.27 2012-12-04)
Report level:             verbose report

Environment Variable      Effect 
--------------------      ------ 
NONE                      No environment variables were set
--------------------------------------------------------------------------------

INFO:Timing:2698 - No timing constraints found, doing default enumeration.
INFO:Timing:3412 - To improve timing, see the Timing Closure User Guide (UG612).
INFO:Timing:2752 - To get complete path coverage, use the unconstrained paths 
   option. All paths that are not constrained will be reported in the 
   unconstrained paths section(s) of the report.
INFO:Timing:3339 - The clock-to-out numbers in this timing report are based on 
   a 50 Ohm transmission line loading model.  For the details of this model, 
   and for more information on accounting for different loading conditions, 
   please see the device datasheet.
INFO:Timing:3390 - This architecture does not support a default System Jitter 
   value, please add SYSTEM_JITTER constraint to the UCF to modify the Clock 
   Uncertainty calculation.
INFO:Timing:3389 - This architecture does not support 'Discrete Jitter' and 
   'Phase Error' calculations, these terms will be zero in the Clock 
   Uncertainty calculation.  Please make appropriate modification to 
   SYSTEM_JITTER to account for the unsupported Discrete Jitter and Phase 
   Error.



Data Sheet report:
-----------------
All values displayed in nanoseconds (ns)

Clock Clock to Pad
--------------------+------------+------------------+--------+
                    | clk (edge) |                  | Clock  |
Destination         |   to PAD   |Internal Clock(s) | Phase  |
--------------------+------------+------------------+--------+
AN<0>               |   10.646(R)|Clock_BUFGP       |   0.000|
AN<1>               |   11.267(R)|Clock_BUFGP       |   0.000|
AN<2>               |   10.551(R)|Clock_BUFGP       |   0.000|
AN<3>               |   10.979(R)|Clock_BUFGP       |   0.000|
Clock_out           |    9.758(R)|Clock_BUFGP       |   0.000|
Seven_segment_out<0>|   11.199(R)|Clock_BUFGP       |   0.000|
Seven_segment_out<1>|   10.612(R)|Clock_BUFGP       |   0.000|
Seven_segment_out<2>|   11.907(R)|Clock_BUFGP       |   0.000|
Seven_segment_out<3>|   10.846(R)|Clock_BUFGP       |   0.000|
Seven_segment_out<4>|   11.505(R)|Clock_BUFGP       |   0.000|
Seven_segment_out<5>|   11.809(R)|Clock_BUFGP       |   0.000|
Seven_segment_out<6>|   11.867(R)|Clock_BUFGP       |   0.000|
--------------------+------------+------------------+--------+

Clock VendA to Pad
--------------------+------------+------------------+--------+
                    | clk (edge) |                  | Clock  |
Destination         |   to PAD   |Internal Clock(s) | Phase  |
--------------------+------------+------------------+--------+
Seven_segment_out<0>|   16.253(F)|ProdA_not0001     |   0.000|
Seven_segment_out<1>|   17.181(F)|ProdA_not0001     |   0.000|
Seven_segment_out<2>|   19.442(F)|ProdA_not0001     |   0.000|
Seven_segment_out<3>|   15.645(F)|ProdA_not0001     |   0.000|
Seven_segment_out<4>|   16.936(F)|ProdA_not0001     |   0.000|
Seven_segment_out<5>|   17.787(F)|ProdA_not0001     |   0.000|
Seven_segment_out<6>|   19.625(F)|ProdA_not0001     |   0.000|
--------------------+------------+------------------+--------+

Clock VendB to Pad
--------------------+------------+------------------+--------+
                    | clk (edge) |                  | Clock  |
Destination         |   to PAD   |Internal Clock(s) | Phase  |
--------------------+------------+------------------+--------+
Seven_segment_out<0>|   20.462(F)|ProdA_not0001     |   0.000|
Seven_segment_out<1>|   21.390(F)|ProdA_not0001     |   0.000|
Seven_segment_out<2>|   23.651(F)|ProdA_not0001     |   0.000|
Seven_segment_out<3>|   19.854(F)|ProdA_not0001     |   0.000|
Seven_segment_out<4>|   21.145(F)|ProdA_not0001     |   0.000|
Seven_segment_out<5>|   21.996(F)|ProdA_not0001     |   0.000|
Seven_segment_out<6>|   23.834(F)|ProdA_not0001     |   0.000|
--------------------+------------+------------------+--------+

Clock to Setup on destination clock Clock
---------------+---------+---------+---------+---------+
               | Src:Rise| Src:Fall| Src:Rise| Src:Fall|
Source Clock   |Dest:Rise|Dest:Rise|Dest:Fall|Dest:Fall|
---------------+---------+---------+---------+---------+
Clock          |    4.303|         |         |         |
---------------+---------+---------+---------+---------+

Clock to Setup on destination clock VendA
---------------+---------+---------+---------+---------+
               | Src:Rise| Src:Fall| Src:Rise| Src:Fall|
Source Clock   |Dest:Rise|Dest:Rise|Dest:Fall|Dest:Fall|
---------------+---------+---------+---------+---------+
VendA          |         |         |    2.904|    2.904|
---------------+---------+---------+---------+---------+

Clock to Setup on destination clock VendB
---------------+---------+---------+---------+---------+
               | Src:Rise| Src:Fall| Src:Rise| Src:Fall|
Source Clock   |Dest:Rise|Dest:Rise|Dest:Fall|Dest:Fall|
---------------+---------+---------+---------+---------+
VendA          |         |         |   -0.463|   -0.463|
---------------+---------+---------+---------+---------+

Pad to Pad
---------------+--------------------+---------+
Source Pad     |Destination Pad     |  Delay  |
---------------+--------------------+---------+
Toggle_Hex1    |Seven_segment_out<0>|   13.785|
Toggle_Hex1    |Seven_segment_out<1>|   12.027|
Toggle_Hex1    |Seven_segment_out<2>|   14.692|
Toggle_Hex1    |Seven_segment_out<3>|   12.194|
Toggle_Hex1    |Seven_segment_out<4>|   12.976|
Toggle_Hex1    |Seven_segment_out<5>|   14.649|
Toggle_Hex1    |Seven_segment_out<6>|   15.477|
Toggle_Hex2    |Seven_segment_out<0>|   13.473|
Toggle_Hex2    |Seven_segment_out<1>|   11.643|
Toggle_Hex2    |Seven_segment_out<2>|   14.380|
Toggle_Hex2    |Seven_segment_out<3>|   11.358|
Toggle_Hex2    |Seven_segment_out<4>|   12.664|
Toggle_Hex2    |Seven_segment_out<5>|   14.337|
Toggle_Hex2    |Seven_segment_out<6>|   15.165|
VendA          |MoreCash            |   10.624|
VendA          |Seven_segment_out<0>|   16.445|
VendA          |Seven_segment_out<1>|   18.389|
VendA          |Seven_segment_out<2>|   18.872|
VendA          |Seven_segment_out<3>|   16.591|
VendA          |Seven_segment_out<4>|   16.702|
VendA          |Seven_segment_out<5>|   17.484|
VendA          |Seven_segment_out<6>|   19.055|
VendA          |SoldOut             |   11.496|
VendB          |MoreCash            |    9.202|
VendB          |Seven_segment_out<0>|   19.281|
VendB          |Seven_segment_out<1>|   21.225|
VendB          |Seven_segment_out<2>|   21.262|
VendB          |Seven_segment_out<3>|   19.427|
VendB          |Seven_segment_out<4>|   19.538|
VendB          |Seven_segment_out<5>|   19.074|
VendB          |Seven_segment_out<6>|   21.445|
VendB          |SoldOut             |   12.965|
VendC          |MoreCash            |    9.740|
VendC          |Seven_segment_out<0>|   17.024|
VendC          |Seven_segment_out<1>|   18.968|
VendC          |Seven_segment_out<2>|   19.005|
VendC          |Seven_segment_out<3>|   17.170|
VendC          |Seven_segment_out<4>|   17.281|
VendC          |Seven_segment_out<5>|   17.874|
VendC          |Seven_segment_out<6>|   19.188|
VendC          |SoldOut             |   11.374|
VendD          |MoreCash            |   10.882|
VendD          |Seven_segment_out<0>|   15.992|
VendD          |Seven_segment_out<1>|   17.936|
VendD          |Seven_segment_out<2>|   17.973|
VendD          |Seven_segment_out<3>|   16.138|
VendD          |Seven_segment_out<4>|   16.249|
VendD          |Seven_segment_out<5>|   15.526|
VendD          |Seven_segment_out<6>|   18.156|
VendD          |SoldOut             |    9.057|
---------------+--------------------+---------+


Analysis completed Mon Nov 23 16:17:24 2015 
--------------------------------------------------------------------------------

Trace Settings:
-------------------------
Trace Settings 

Peak Memory Usage: 128 MB



